<?xml version="1.0" encoding="UTF-8"?>
<testng-results ignored="0" total="1" passed="1" failed="0" skipped="0">
  <reporter-output>
  </reporter-output>
  <suite started-at="2021-06-05T22:03:21 IST" name="FacebookLoginCheck" finished-at="2021-06-05T22:03:28 IST" duration-ms="7431">
    <groups>
    </groups>
    <test started-at="2021-06-05T22:03:21 IST" name="LoginTest" finished-at="2021-06-05T22:03:28 IST" duration-ms="7431">
      <class name="com.facebook.Testcases.VerifyValidLogin">
        <test-method signature="checkValidUser()[pri:0, instance:com.facebook.Testcases.VerifyValidLogin@3b0fe47a]" started-at="2021-06-05T22:03:21 IST" name="checkValidUser" finished-at="2021-06-05T22:03:28 IST" duration-ms="7371" status="PASS">
          <reporter-output>
          </reporter-output>
        </test-method> <!-- checkValidUser -->
      </class> <!-- com.facebook.Testcases.VerifyValidLogin -->
    </test> <!-- LoginTest -->
  </suite> <!-- FacebookLoginCheck -->
</testng-results>
